d:\users\xiach\source\repos\nimdublib app1\nimdublib app1\release\vc142.pdb
d:\users\xiach\source\repos\nimdublib app1\nimdublib app1\release\settingform.obj
d:\users\xiach\source\repos\nimdublib app1\nimdublib app1\release\nimdublib app1.obj
d:\users\xiach\source\repos\nimdublib app1\nimdublib app1\release\mainwindow.obj
d:\users\xiach\source\repos\nimdublib app1\nimdublib app1\release\mainthread.obj
d:\users\xiach\source\repos\nimdublib app1\nimdublib app1\release\loginform.obj
d:\users\xiach\source\repos\nimdublib app1\nimdublib app1\release\item.obj
d:\users\xiach\source\repos\nimdublib app1\nimdublib app1\release\basicform.obj
d:\users\xiach\source\repos\nimdublib app1\nimdublib app1\release\about_form.obj
d:\users\xiach\source\repos\nimdublib app1\nimdublib app1\release\classitem.obj
d:\users\xiach\source\repos\nimdublib app1\release\nimdublib app1.exe
d:\users\xiach\source\repos\nimdublib app1\release\nimdublib app1.pdb
d:\users\xiach\source\repos\nimdublib app1\release\nimdublib app1.ipdb
d:\users\xiach\source\repos\nimdublib app1\release\nimdublib app1.iobj
d:\users\xiach\source\repos\nimdublib app1\nimdublib app1\release\nimdublib app1.res
d:\users\xiach\source\repos\nimdublib app1\nimdublib app1\release\nimdublib app1.tlog\cl.command.1.tlog
d:\users\xiach\source\repos\nimdublib app1\nimdublib app1\release\nimdublib app1.tlog\cl.read.1.tlog
d:\users\xiach\source\repos\nimdublib app1\nimdublib app1\release\nimdublib app1.tlog\cl.write.1.tlog
d:\users\xiach\source\repos\nimdublib app1\nimdublib app1\release\nimdublib app1.tlog\link.command.1.tlog
d:\users\xiach\source\repos\nimdublib app1\nimdublib app1\release\nimdublib app1.tlog\link.read.1.tlog
d:\users\xiach\source\repos\nimdublib app1\nimdublib app1\release\nimdublib app1.tlog\link.write.1.tlog
d:\users\xiach\source\repos\nimdublib app1\nimdublib app1\release\nimdublib app1.tlog\nimdublib app1.write.1u.tlog
d:\users\xiach\source\repos\nimdublib app1\nimdublib app1\release\nimdublib app1.tlog\rc.command.1.tlog
d:\users\xiach\source\repos\nimdublib app1\nimdublib app1\release\nimdublib app1.tlog\rc.read.1.tlog
d:\users\xiach\source\repos\nimdublib app1\nimdublib app1\release\nimdublib app1.tlog\rc.write.1.tlog
