  ClassItem.cpp
D:\Users\xiach\source\repos\NIMDublib App1\NIMDublib App1\TimeDialog.h(2,10): warning C4067: 预处理器指令后有意外标记 - 应输入换行符
  MainWindow.cpp
  SettingForm.cpp
  TimeDialog.cpp
D:\Users\xiach\source\repos\NIMDublib App1\NIMDublib App1\TimeDialog.h(2,10): warning C4067: 预处理器指令后有意外标记 - 应输入换行符
  正在生成代码
  7 of 10173 functions (<0.1%) were compiled, the rest were copied from previous compilation.
    2 functions were new in current compilation
    23 functions had inline decision re-evaluated but remain unchanged
  已完成代码的生成
zlib.lib(inflate.obj) : warning LNK4099: 未找到 PDB“zlib.pdb”(使用“zlib.lib(inflate.obj)”或在“D:\Users\xiach\source\repos\NIMDublib App1\Release\zlib.pdb”中寻找)；正在链接对象，如同没有调试信息一样
zlib.lib(adler32.obj) : warning LNK4099: 未找到 PDB“zlib.pdb”(使用“zlib.lib(adler32.obj)”或在“D:\Users\xiach\source\repos\NIMDublib App1\Release\zlib.pdb”中寻找)；正在链接对象，如同没有调试信息一样
zlib.lib(crc32.obj) : warning LNK4099: 未找到 PDB“zlib.pdb”(使用“zlib.lib(crc32.obj)”或在“D:\Users\xiach\source\repos\NIMDublib App1\Release\zlib.pdb”中寻找)；正在链接对象，如同没有调试信息一样
zlib.lib(deflate.obj) : warning LNK4099: 未找到 PDB“zlib.pdb”(使用“zlib.lib(deflate.obj)”或在“D:\Users\xiach\source\repos\NIMDublib App1\Release\zlib.pdb”中寻找)；正在链接对象，如同没有调试信息一样
zlib.lib(inftrees.obj) : warning LNK4099: 未找到 PDB“zlib.pdb”(使用“zlib.lib(inftrees.obj)”或在“D:\Users\xiach\source\repos\NIMDublib App1\Release\zlib.pdb”中寻找)；正在链接对象，如同没有调试信息一样
zlib.lib(inffast.obj) : warning LNK4099: 未找到 PDB“zlib.pdb”(使用“zlib.lib(inffast.obj)”或在“D:\Users\xiach\source\repos\NIMDublib App1\Release\zlib.pdb”中寻找)；正在链接对象，如同没有调试信息一样
zlib.lib(zutil.obj) : warning LNK4099: 未找到 PDB“zlib.pdb”(使用“zlib.lib(zutil.obj)”或在“D:\Users\xiach\source\repos\NIMDublib App1\Release\zlib.pdb”中寻找)；正在链接对象，如同没有调试信息一样
zlib.lib(trees.obj) : warning LNK4099: 未找到 PDB“zlib.pdb”(使用“zlib.lib(trees.obj)”或在“D:\Users\xiach\source\repos\NIMDublib App1\Release\zlib.pdb”中寻找)；正在链接对象，如同没有调试信息一样
  NIMDublib App1.vcxproj -> D:\Users\xiach\source\repos\NIMDublib App1\Release\NIMDublib App1.exe
